<?xml version="1.0" encoding="UTF-8"?>
<testng-results skipped="0" failed="0" total="1" passed="1">
  <reporter-output>
  </reporter-output>
  <suite name="Default suite" duration-ms="3035" started-at="2020-07-13T04:12:05Z" finished-at="2020-07-13T04:12:08Z">
    <groups>
    </groups>
    <test name="Default test" duration-ms="3035" started-at="2020-07-13T04:12:05Z" finished-at="2020-07-13T04:12:08Z">
      <class name="com.learning.api.RestDemo.RestAssuredFirstClassTest">
        <test-method status="PASS" signature="validatePostPustGet()[pri:0, instance:com.learning.api.RestDemo.RestAssuredFirstClassTest@7bb58ca3]" name="validatePostPustGet" duration-ms="3025" started-at="2020-07-13T09:42:05Z" finished-at="2020-07-13T09:42:08Z">
          <reporter-output>
          </reporter-output>
        </test-method> <!-- validatePostPustGet -->
      </class> <!-- com.learning.api.RestDemo.RestAssuredFirstClassTest -->
    </test> <!-- Default test -->
  </suite> <!-- Default suite -->
</testng-results>
